This file contains any messages produced by compilers while
running configure, to aid debugging if configure makes a mistake.

It was created by Xfce-Theme-Manager configure 0.3.7, which was
generated by GNU Autoconf 2.69.  Invocation command line was

  $ theme-manager/configure 

## --------- ##
## Platform. ##
## --------- ##

hostname = localhost
uname -m = x86_64
uname -r = 4.11.3-1-ARCH
uname -s = Linux
uname -v = #1 SMP PREEMPT Sun May 28 10:40:17 CEST 2017

/usr/bin/uname -p = unknown
/bin/uname -X     = unknown

/bin/arch              = unknown
/usr/bin/arch -k       = unknown
/usr/convex/getsysinfo = unknown
/usr/bin/hostinfo      = unknown
/bin/machine           = unknown
/usr/bin/oslevel       = unknown
/bin/universe          = unknown

PATH: /usr/local/sbin
PATH: /usr/local/bin
PATH: /usr/bin
PATH: /usr/lib/jvm/default/bin
PATH: /usr/bin/site_perl
PATH: /usr/bin/vendor_perl
PATH: /usr/bin/core_perl


## ----------- ##
## Core tests. ##
## ----------- ##

configure:2028: checking for g++
configure:2044: found /usr/bin/g++
configure:2055: result: g++
configure:2082: checking for C++ compiler version
configure:2091: g++ --version >&5
g++ (GCC) 7.1.1 20170516
Copyright (C) 2017 Free Software Foundation, Inc.
This is free software; see the source for copying conditions.  There is NO
warranty; not even for MERCHANTABILITY or FITNESS FOR A PARTICULAR PURPOSE.

configure:2102: $? = 0
configure:2091: g++ -v >&5
Using built-in specs.
COLLECT_GCC=g++
COLLECT_LTO_WRAPPER=/usr/lib/gcc/x86_64-pc-linux-gnu/7.1.1/lto-wrapper
Target: x86_64-pc-linux-gnu
Configured with: /build/gcc/src/gcc/configure --prefix=/usr --libdir=/usr/lib --libexecdir=/usr/lib --mandir=/usr/share/man --infodir=/usr/share/info --with-bugurl=https://bugs.archlinux.org/ --enable-languages=c,c++,ada,fortran,go,lto,objc,obj-c++ --enable-shared --enable-threads=posix --enable-libmpx --with-system-zlib --with-isl --enable-__cxa_atexit --disable-libunwind-exceptions --enable-clocale=gnu --disable-libstdcxx-pch --disable-libssp --enable-gnu-unique-object --enable-linker-build-id --enable-lto --enable-plugin --enable-install-libiberty --with-linker-hash-style=gnu --enable-gnu-indirect-function --disable-multilib --disable-werror --enable-checking=release
Thread model: posix
gcc version 7.1.1 20170516 (GCC) 
configure:2102: $? = 0
configure:2091: g++ -V >&5
g++: error: unrecognized command line option '-V'
g++: fatal error: no input files
compilation terminated.
configure:2102: $? = 1
configure:2091: g++ -qversion >&5
g++: error: unrecognized command line option '-qversion'; did you mean '--version'?
g++: fatal error: no input files
compilation terminated.
configure:2102: $? = 1
configure:2122: checking whether the C++ compiler works
configure:2144: g++    conftest.cpp  >&5
configure:2148: $? = 0
configure:2196: result: yes
configure:2199: checking for C++ compiler default output file name
configure:2201: result: a.out
configure:2207: checking for suffix of executables
configure:2214: g++ -o conftest    conftest.cpp  >&5
configure:2218: $? = 0
configure:2240: result: 
configure:2262: checking whether we are cross compiling
configure:2270: g++ -o conftest    conftest.cpp  >&5
configure:2274: $? = 0
configure:2281: ./conftest
configure:2285: $? = 0
configure:2300: result: no
configure:2305: checking for suffix of object files
configure:2327: g++ -c   conftest.cpp >&5
configure:2331: $? = 0
configure:2352: result: o
configure:2356: checking whether we are using the GNU C++ compiler
configure:2375: g++ -c   conftest.cpp >&5
configure:2375: $? = 0
configure:2384: result: yes
configure:2393: checking whether g++ accepts -g
configure:2413: g++ -c -g  conftest.cpp >&5
configure:2413: $? = 0
configure:2454: result: yes
configure:2523: checking for a BSD-compatible install
configure:2591: result: /usr/bin/install -c
configure:2602: checking whether build environment is sane
configure:2657: result: yes
configure:2808: checking for a thread-safe mkdir -p
configure:2847: result: /usr/bin/mkdir -p
configure:2854: checking for gawk
configure:2870: found /usr/bin/gawk
configure:2881: result: gawk
configure:2892: checking whether make sets $(MAKE)
configure:2914: result: yes
configure:2944: checking for style of include used by make
configure:2972: result: GNU
configure:3006: checking whether make supports nested variables
configure:3023: result: yes
configure:3108: checking dependency style of g++
configure:3219: result: gcc3
configure:3326: checking for gcc
configure:3342: found /usr/bin/gcc
configure:3353: result: gcc
configure:3582: checking for C compiler version
configure:3591: gcc --version >&5
gcc (GCC) 7.1.1 20170516
Copyright (C) 2017 Free Software Foundation, Inc.
This is free software; see the source for copying conditions.  There is NO
warranty; not even for MERCHANTABILITY or FITNESS FOR A PARTICULAR PURPOSE.

configure:3602: $? = 0
configure:3591: gcc -v >&5
Using built-in specs.
COLLECT_GCC=gcc
COLLECT_LTO_WRAPPER=/usr/lib/gcc/x86_64-pc-linux-gnu/7.1.1/lto-wrapper
Target: x86_64-pc-linux-gnu
Configured with: /build/gcc/src/gcc/configure --prefix=/usr --libdir=/usr/lib --libexecdir=/usr/lib --mandir=/usr/share/man --infodir=/usr/share/info --with-bugurl=https://bugs.archlinux.org/ --enable-languages=c,c++,ada,fortran,go,lto,objc,obj-c++ --enable-shared --enable-threads=posix --enable-libmpx --with-system-zlib --with-isl --enable-__cxa_atexit --disable-libunwind-exceptions --enable-clocale=gnu --disable-libstdcxx-pch --disable-libssp --enable-gnu-unique-object --enable-linker-build-id --enable-lto --enable-plugin --enable-install-libiberty --with-linker-hash-style=gnu --enable-gnu-indirect-function --disable-multilib --disable-werror --enable-checking=release
Thread model: posix
gcc version 7.1.1 20170516 (GCC) 
configure:3602: $? = 0
configure:3591: gcc -V >&5
gcc: error: unrecognized command line option '-V'
gcc: fatal error: no input files
compilation terminated.
configure:3602: $? = 1
configure:3591: gcc -qversion >&5
gcc: error: unrecognized command line option '-qversion'; did you mean '--version'?
gcc: fatal error: no input files
compilation terminated.
configure:3602: $? = 1
configure:3606: checking whether we are using the GNU C compiler
configure:3625: gcc -c   conftest.c >&5
configure:3625: $? = 0
configure:3634: result: yes
configure:3643: checking whether gcc accepts -g
configure:3663: gcc -c -g  conftest.c >&5
configure:3663: $? = 0
configure:3704: result: yes
configure:3721: checking for gcc option to accept ISO C89
configure:3784: gcc  -c -g -O2  conftest.c >&5
configure:3784: $? = 0
configure:3797: result: none needed
configure:3822: checking whether gcc understands -c and -o together
configure:3844: gcc -c conftest.c -o conftest2.o
configure:3847: $? = 0
configure:3844: gcc -c conftest.c -o conftest2.o
configure:3847: $? = 0
configure:3859: result: yes
configure:3878: checking dependency style of gcc
configure:3989: result: gcc3
configure:4010: checking how to run the C preprocessor
configure:4041: gcc -E  conftest.c
configure:4041: $? = 0
configure:4055: gcc -E  conftest.c
conftest.c:11:10: fatal error: ac_nonexistent.h: No such file or directory
 #include <ac_nonexistent.h>
          ^~~~~~~~~~~~~~~~~~
compilation terminated.
configure:4055: $? = 1
configure: failed program was:
| /* confdefs.h */
| #define PACKAGE_NAME "Xfce-Theme-Manager"
| #define PACKAGE_TARNAME "Xfce-Theme-Manager"
| #define PACKAGE_VERSION "0.3.7"
| #define PACKAGE_STRING "Xfce-Theme-Manager 0.3.7"
| #define PACKAGE_BUGREPORT "PROJ"
| #define PACKAGE_URL ""
| #define PACKAGE "Xfce-Theme-Manager"
| #define VERSION "0.3.7"
| /* end confdefs.h.  */
| #include <ac_nonexistent.h>
configure:4080: result: gcc -E
configure:4100: gcc -E  conftest.c
configure:4100: $? = 0
configure:4114: gcc -E  conftest.c
conftest.c:11:10: fatal error: ac_nonexistent.h: No such file or directory
 #include <ac_nonexistent.h>
          ^~~~~~~~~~~~~~~~~~
compilation terminated.
configure:4114: $? = 1
configure: failed program was:
| /* confdefs.h */
| #define PACKAGE_NAME "Xfce-Theme-Manager"
| #define PACKAGE_TARNAME "Xfce-Theme-Manager"
| #define PACKAGE_VERSION "0.3.7"
| #define PACKAGE_STRING "Xfce-Theme-Manager 0.3.7"
| #define PACKAGE_BUGREPORT "PROJ"
| #define PACKAGE_URL ""
| #define PACKAGE "Xfce-Theme-Manager"
| #define VERSION "0.3.7"
| /* end confdefs.h.  */
| #include <ac_nonexistent.h>
configure:4143: checking for grep that handles long lines and -e
configure:4201: result: /usr/bin/grep
configure:4206: checking for egrep
configure:4268: result: /usr/bin/grep -E
configure:4273: checking for ANSI C header files
configure:4293: gcc -c -g -O2  conftest.c >&5
configure:4293: $? = 0
configure:4366: gcc -o conftest -g -O2   conftest.c  >&5
configure:4366: $? = 0
configure:4366: ./conftest
configure:4366: $? = 0
configure:4377: result: yes
configure:4452: checking for pkg-config
configure:4470: found /usr/bin/pkg-config
configure:4482: result: /usr/bin/pkg-config
configure:4507: checking pkg-config is at least version 0.9.0
configure:4510: result: yes
configure:4520: checking for GTK
configure:4527: $PKG_CONFIG --exists --print-errors "$GTK_MODULES"
configure:4530: $? = 0
configure:4544: $PKG_CONFIG --exists --print-errors "$GTK_MODULES"
configure:4547: $? = 0
configure:4605: result: yes
configure:4615: checking for GLIB
configure:4622: $PKG_CONFIG --exists --print-errors "$GLIB_MODULES"
configure:4625: $? = 0
configure:4639: $PKG_CONFIG --exists --print-errors "$GLIB_MODULES"
configure:4642: $? = 0
configure:4700: result: yes
configure:4710: checking for XCURSOR
configure:4717: $PKG_CONFIG --exists --print-errors "$XCURSOR_MODULES"
configure:4720: $? = 0
configure:4734: $PKG_CONFIG --exists --print-errors "$XCURSOR_MODULES"
configure:4737: $? = 0
configure:4795: result: yes
configure:4805: checking for XFCE4UI
configure:4812: $PKG_CONFIG --exists --print-errors "$XFCE4UI_MODULES"
configure:4815: $? = 0
configure:4829: $PKG_CONFIG --exists --print-errors "$XFCE4UI_MODULES"
configure:4832: $? = 0
configure:4870: result: yes
configure:4883: checking for XFCONF
configure:4890: $PKG_CONFIG --exists --print-errors "$XFCONF_MODULES"
configure:4893: $? = 0
configure:4907: $PKG_CONFIG --exists --print-errors "$XFCONF_MODULES"
configure:4910: $? = 0
configure:4968: result: yes
configure:4977: checking for unzip
configure:4993: found /usr/bin/unzip
configure:5005: result: true
configure:5137: checking that generated files are newer than configure
configure:5143: result: done
configure:5170: creating ./config.status

## ---------------------- ##
## Running config.status. ##
## ---------------------- ##

This file was extended by Xfce-Theme-Manager config.status 0.3.7, which was
generated by GNU Autoconf 2.69.  Invocation command line was

  CONFIG_FILES    = 
  CONFIG_HEADERS  = 
  CONFIG_LINKS    = 
  CONFIG_COMMANDS = 
  $ ./config.status 

on localhost

config.status:874: creating Makefile
config.status:874: creating Xfce-Theme-Manager/app/Makefile
config.status:874: creating config.h
config.status:1088: executing depfiles commands

## ---------------- ##
## Cache variables. ##
## ---------------- ##

ac_cv_c_compiler_gnu=yes
ac_cv_cxx_compiler_gnu=yes
ac_cv_env_CCC_set=
ac_cv_env_CCC_value=
ac_cv_env_CC_set=
ac_cv_env_CC_value=
ac_cv_env_CFLAGS_set=
ac_cv_env_CFLAGS_value=
ac_cv_env_CPPFLAGS_set=
ac_cv_env_CPPFLAGS_value=
ac_cv_env_CPP_set=
ac_cv_env_CPP_value=
ac_cv_env_CXXFLAGS_set=
ac_cv_env_CXXFLAGS_value=
ac_cv_env_CXX_set=
ac_cv_env_CXX_value=
ac_cv_env_GLIB_CFLAGS_set=
ac_cv_env_GLIB_CFLAGS_value=
ac_cv_env_GLIB_LIBS_set=
ac_cv_env_GLIB_LIBS_value=
ac_cv_env_GTK_CFLAGS_set=
ac_cv_env_GTK_CFLAGS_value=
ac_cv_env_GTK_LIBS_set=
ac_cv_env_GTK_LIBS_value=
ac_cv_env_LDFLAGS_set=
ac_cv_env_LDFLAGS_value=
ac_cv_env_LIBS_set=
ac_cv_env_LIBS_value=
ac_cv_env_PKG_CONFIG_LIBDIR_set=
ac_cv_env_PKG_CONFIG_LIBDIR_value=
ac_cv_env_PKG_CONFIG_PATH_set=
ac_cv_env_PKG_CONFIG_PATH_value=
ac_cv_env_PKG_CONFIG_set=
ac_cv_env_PKG_CONFIG_value=
ac_cv_env_XCURSOR_CFLAGS_set=
ac_cv_env_XCURSOR_CFLAGS_value=
ac_cv_env_XCURSOR_LIBS_set=
ac_cv_env_XCURSOR_LIBS_value=
ac_cv_env_XFCE4UI_CFLAGS_set=
ac_cv_env_XFCE4UI_CFLAGS_value=
ac_cv_env_XFCE4UI_LIBS_set=
ac_cv_env_XFCE4UI_LIBS_value=
ac_cv_env_XFCONF_CFLAGS_set=
ac_cv_env_XFCONF_CFLAGS_value=
ac_cv_env_XFCONF_LIBS_set=
ac_cv_env_XFCONF_LIBS_value=
ac_cv_env_build_alias_set=
ac_cv_env_build_alias_value=
ac_cv_env_host_alias_set=
ac_cv_env_host_alias_value=
ac_cv_env_target_alias_set=
ac_cv_env_target_alias_value=
ac_cv_header_stdc=yes
ac_cv_objext=o
ac_cv_path_EGREP='/usr/bin/grep -E'
ac_cv_path_GREP=/usr/bin/grep
ac_cv_path_ac_pt_PKG_CONFIG=/usr/bin/pkg-config
ac_cv_path_install='/usr/bin/install -c'
ac_cv_path_mkdir=/usr/bin/mkdir
ac_cv_prog_AWK=gawk
ac_cv_prog_CPP='gcc -E'
ac_cv_prog_UNZIP=true
ac_cv_prog_ac_ct_CC=gcc
ac_cv_prog_ac_ct_CXX=g++
ac_cv_prog_cc_c89=
ac_cv_prog_cc_g=yes
ac_cv_prog_cxx_g=yes
ac_cv_prog_make_make_set=yes
am_cv_CC_dependencies_compiler_type=gcc3
am_cv_CXX_dependencies_compiler_type=gcc3
am_cv_make_support_nested_variables=yes
am_cv_prog_cc_c_o=yes
pkg_cv_GLIB_CFLAGS='-I/usr/include/glib-2.0 -I/usr/lib/glib-2.0/include'
pkg_cv_GLIB_LIBS=-lglib-2.0
pkg_cv_GTK_CFLAGS='-pthread -I/usr/include/gtk-2.0 -I/usr/lib/gtk-2.0/include -I/usr/include/pango-1.0 -I/usr/include/atk-1.0 -I/usr/include/cairo -I/usr/include/pixman-1 -I/usr/include/libdrm -I/usr/include/gdk-pixbuf-2.0 -I/usr/include/libpng16 -I/usr/include/pango-1.0 -I/usr/include/freetype2 -I/usr/include/libpng16 -I/usr/include/harfbuzz -I/usr/include/glib-2.0 -I/usr/lib/glib-2.0/include -I/usr/include/freetype2 -I/usr/include/libpng16 -I/usr/include/harfbuzz -I/usr/include/glib-2.0 -I/usr/lib/glib-2.0/include'
pkg_cv_GTK_LIBS='-lgtk-x11-2.0 -lgdk-x11-2.0 -lpangocairo-1.0 -latk-1.0 -lcairo -lgdk_pixbuf-2.0 -lgio-2.0 -lpangoft2-1.0 -lpango-1.0 -lgobject-2.0 -lglib-2.0 -lfontconfig -lfreetype'
pkg_cv_XCURSOR_CFLAGS=
pkg_cv_XCURSOR_LIBS=-lXcursor
pkg_cv_XFCE4UI_CFLAGS='-pthread -I/usr/include/xfce4/libxfce4ui-1 -I/usr/include/gtk-2.0 -I/usr/lib/gtk-2.0/include -I/usr/include/pango-1.0 -I/usr/include/atk-1.0 -I/usr/include/cairo -I/usr/include/pixman-1 -I/usr/include/libdrm -I/usr/include/gdk-pixbuf-2.0 -I/usr/include/libpng16 -I/usr/include/pango-1.0 -I/usr/include/freetype2 -I/usr/include/libpng16 -I/usr/include/harfbuzz -I/usr/include/glib-2.0 -I/usr/lib/glib-2.0/include -I/usr/include/freetype2 -I/usr/include/libpng16 -I/usr/include/harfbuzz -I/usr/include/xfce4 -I/usr/include/glib-2.0 -I/usr/lib/glib-2.0/include'
pkg_cv_XFCE4UI_LIBS='-lxfce4ui-1 -lgtk-x11-2.0 -lgdk-x11-2.0 -lpangocairo-1.0 -latk-1.0 -lcairo -lgdk_pixbuf-2.0 -lgio-2.0 -lpangoft2-1.0 -lpango-1.0 -lgobject-2.0 -lfontconfig -lfreetype -lxfce4util -lglib-2.0'
pkg_cv_XFCONF_CFLAGS='-I/usr/include/xfce4/xfconf-0 -I/usr/include/dbus-1.0 -I/usr/lib/dbus-1.0/include -I/usr/include/glib-2.0 -I/usr/lib/glib-2.0/include'
pkg_cv_XFCONF_LIBS='-lxfconf-0 -ldbus-glib-1 -ldbus-1 -lgobject-2.0 -lglib-2.0'

## ----------------- ##
## Output variables. ##
## ----------------- ##

ACLOCAL='${SHELL} /home/samad/Bureau/__code__/__shell__/arch-confing/theme-manager/missing aclocal-1.15'
AMDEPBACKSLASH='\'
AMDEP_FALSE='#'
AMDEP_TRUE=''
AMTAR='$${TAR-tar}'
AM_BACKSLASH='\'
AM_DEFAULT_V='$(AM_DEFAULT_VERBOSITY)'
AM_DEFAULT_VERBOSITY='1'
AM_V='$(V)'
AUTOCONF='${SHELL} /home/samad/Bureau/__code__/__shell__/arch-confing/theme-manager/missing autoconf'
AUTOHEADER='${SHELL} /home/samad/Bureau/__code__/__shell__/arch-confing/theme-manager/missing autoheader'
AUTOMAKE='${SHELL} /home/samad/Bureau/__code__/__shell__/arch-confing/theme-manager/missing automake-1.15'
AWK='gawk'
CC='gcc'
CCDEPMODE='depmode=gcc3'
CFLAGS='-Wall'
CPP='gcc -E'
CPPFLAGS=''
CXX='g++'
CXXDEPMODE='depmode=gcc3'
CXXFLAGS='-Wall'
CYGPATH_W='echo'
DEFS='-DHAVE_CONFIG_H'
DEPDIR='.deps'
ECHO_C=''
ECHO_N='-n'
ECHO_T=''
EGREP='/usr/bin/grep -E'
EXEEXT=''
GLIB_CFLAGS='-I/usr/include/glib-2.0 -I/usr/lib/glib-2.0/include'
GLIB_LIBS='-lglib-2.0'
GREP='/usr/bin/grep'
GTK_CFLAGS='-pthread -I/usr/include/gtk-2.0 -I/usr/lib/gtk-2.0/include -I/usr/include/pango-1.0 -I/usr/include/atk-1.0 -I/usr/include/cairo -I/usr/include/pixman-1 -I/usr/include/libdrm -I/usr/include/gdk-pixbuf-2.0 -I/usr/include/libpng16 -I/usr/include/pango-1.0 -I/usr/include/freetype2 -I/usr/include/libpng16 -I/usr/include/harfbuzz -I/usr/include/glib-2.0 -I/usr/lib/glib-2.0/include -I/usr/include/freetype2 -I/usr/include/libpng16 -I/usr/include/harfbuzz -I/usr/include/glib-2.0 -I/usr/lib/glib-2.0/include'
GTK_LIBS='-lgtk-x11-2.0 -lgdk-x11-2.0 -lpangocairo-1.0 -latk-1.0 -lcairo -lgdk_pixbuf-2.0 -lgio-2.0 -lpangoft2-1.0 -lpango-1.0 -lgobject-2.0 -lglib-2.0 -lfontconfig -lfreetype'
INSTALL_DATA='${INSTALL} -m 644'
INSTALL_PROGRAM='${INSTALL}'
INSTALL_SCRIPT='${INSTALL}'
INSTALL_STRIP_PROGRAM='$(install_sh) -c -s'
LDFLAGS=''
LIBOBJS=''
LIBS=''
LTLIBOBJS=''
MAKEINFO='${SHELL} /home/samad/Bureau/__code__/__shell__/arch-confing/theme-manager/missing makeinfo'
MKDIR_P='/usr/bin/mkdir -p'
OBJEXT='o'
PACKAGE='Xfce-Theme-Manager'
PACKAGE_BUGREPORT='PROJ'
PACKAGE_NAME='Xfce-Theme-Manager'
PACKAGE_STRING='Xfce-Theme-Manager 0.3.7'
PACKAGE_TARNAME='Xfce-Theme-Manager'
PACKAGE_URL=''
PACKAGE_VERSION='0.3.7'
PATH_SEPARATOR=':'
PKG_CONFIG='/usr/bin/pkg-config'
PKG_CONFIG_LIBDIR=''
PKG_CONFIG_PATH=''
SET_MAKE=''
SHELL='/bin/sh'
STRIP=''
UNZIP='true'
VERSION='0.3.7'
XCURSOR_CFLAGS=''
XCURSOR_LIBS='-lXcursor'
XFCE4UI_CFLAGS='-pthread -I/usr/include/xfce4/libxfce4ui-1 -I/usr/include/gtk-2.0 -I/usr/lib/gtk-2.0/include -I/usr/include/pango-1.0 -I/usr/include/atk-1.0 -I/usr/include/cairo -I/usr/include/pixman-1 -I/usr/include/libdrm -I/usr/include/gdk-pixbuf-2.0 -I/usr/include/libpng16 -I/usr/include/pango-1.0 -I/usr/include/freetype2 -I/usr/include/libpng16 -I/usr/include/harfbuzz -I/usr/include/glib-2.0 -I/usr/lib/glib-2.0/include -I/usr/include/freetype2 -I/usr/include/libpng16 -I/usr/include/harfbuzz -I/usr/include/xfce4 -I/usr/include/glib-2.0 -I/usr/lib/glib-2.0/include'
XFCE4UI_LIBS='-lxfce4ui-1 -lgtk-x11-2.0 -lgdk-x11-2.0 -lpangocairo-1.0 -latk-1.0 -lcairo -lgdk_pixbuf-2.0 -lgio-2.0 -lpangoft2-1.0 -lpango-1.0 -lgobject-2.0 -lfontconfig -lfreetype -lxfce4util -lglib-2.0'
XFCONF_CFLAGS='-I/usr/include/xfce4/xfconf-0 -I/usr/include/dbus-1.0 -I/usr/lib/dbus-1.0/include -I/usr/include/glib-2.0 -I/usr/lib/glib-2.0/include'
XFCONF_LIBS='-lxfconf-0 -ldbus-glib-1 -ldbus-1 -lgobject-2.0 -lglib-2.0'
ac_ct_CC='gcc'
ac_ct_CXX='g++'
am__EXEEXT_FALSE=''
am__EXEEXT_TRUE='#'
am__fastdepCC_FALSE='#'
am__fastdepCC_TRUE=''
am__fastdepCXX_FALSE='#'
am__fastdepCXX_TRUE=''
am__include='include'
am__isrc=' -I$(srcdir)'
am__leading_dot='.'
am__nodep='_no'
am__quote=''
am__tar='$${TAR-tar} chof - "$$tardir"'
am__untar='$${TAR-tar} xf -'
bindir='${exec_prefix}/bin'
build_alias=''
datadir='${datarootdir}'
datarootdir='${prefix}/share'
docdir='${datarootdir}/doc/${PACKAGE_TARNAME}'
dvidir='${docdir}'
exec_prefix='${prefix}'
host_alias=''
htmldir='${docdir}'
includedir='${prefix}/include'
infodir='${datarootdir}/info'
install_sh='${SHELL} /home/samad/Bureau/__code__/__shell__/arch-confing/theme-manager/install-sh'
libdir='${exec_prefix}/lib'
libexecdir='${exec_prefix}/libexec'
localedir='${datarootdir}/locale'
localstatedir='${prefix}/var'
mandir='${datarootdir}/man'
mkdir_p='$(MKDIR_P)'
oldincludedir='/usr/include'
pdfdir='${docdir}'
prefix='/usr/local'
program_transform_name='s,x,x,'
psdir='${docdir}'
sbindir='${exec_prefix}/sbin'
sharedstatedir='${prefix}/com'
sysconfdir='${prefix}/etc'
target_alias=''

## ----------- ##
## confdefs.h. ##
## ----------- ##

/* confdefs.h */
#define PACKAGE_NAME "Xfce-Theme-Manager"
#define PACKAGE_TARNAME "Xfce-Theme-Manager"
#define PACKAGE_VERSION "0.3.7"
#define PACKAGE_STRING "Xfce-Theme-Manager 0.3.7"
#define PACKAGE_BUGREPORT "PROJ"
#define PACKAGE_URL ""
#define PACKAGE "Xfce-Theme-Manager"
#define VERSION "0.3.7"
#define STDC_HEADERS 1
#define GOT_LIBXFCEUI /**/
#define _411_ /**/

configure: exit 0
